#
# There is insufficient memory for the Java Runtime Environment to continue.
# Native memory allocation (mmap) failed to map 532676608 bytes for G1 virtual space
# Possible reasons:
#   The system is out of physical RAM or swap space
#   The process is running with CompressedOops enabled, and the Java Heap may be blocking the growth of the native heap
# Possible solutions:
#   Reduce memory load on the system
#   Increase physical memory or swap space
#   Check if swap backing store is full
#   Decrease Java heap size (-Xmx/-Xms)
#   Decrease number of Java threads
#   Decrease Java thread stack sizes (-Xss)
#   Set larger code cache with -XX:ReservedCodeCacheSize=
#   JVM is running with Zero Based Compressed Oops mode in which the Java heap is
#     placed in the first 32GB address space. The Java Heap base address is the
#     maximum limit for the native heap growth. Please use -XX:HeapBaseMinAddress
#     to set the Java Heap base and to place the Java Heap above 32GB virtual address.
# This output file may be truncated or incomplete.
#
#  Out of Memory Error (os_windows.cpp:3552), pid=6988, tid=23600
#
# JRE version:  (17.0.9+11) (build )
# Java VM: Java HotSpot(TM) 64-Bit Server VM (17.0.9+11-LTS-201, mixed mode, sharing, tiered, compressed oops, compressed class ptrs, g1 gc, windows-amd64)
# No core dump will be written. Minidumps are not enabled by default on client versions of Windows
#

---------------  S U M M A R Y ------------

Command Line: -Dfile.encoding=UTF-8 -Dstdout.encoding=UTF-8 -Dstderr.encoding=UTF-8 --module-path=D:\Programas\eclipse workspace\JavaAspire\CursoJava\bin -XX:+ShowCodeDetailsInExceptionMessages -Djdk.module.main=CursoJava CursoJava/carRental.Main

Host: 13th Gen Intel(R) Core(TM) i7-1360P, 16 cores, 31G,  Windows 11 , 64 bit Build 22621 (10.0.22621.3527)
Time: Sun Jun  2 23:34:18 2024 Central Standard Time (Mexico) elapsed time: 0.009763 seconds (0d 0h 0m 0s)

---------------  T H R E A D  ---------------

Current thread (0x000001dda75ada30):  JavaThread "Unknown thread" [_thread_in_vm, id=23600, stack(0x000000079d600000,0x000000079d700000)]

Stack: [0x000000079d600000,0x000000079d700000]
Native frames: (J=compiled Java code, j=interpreted, Vv=VM code, C=native code)
V  [jvm.dll+0x678a4a]
V  [jvm.dll+0x7d9cfd]
V  [jvm.dll+0x7db60e]
V  [jvm.dll+0x7dbc73]
V  [jvm.dll+0x245e1f]
V  [jvm.dll+0x6758f9]
V  [jvm.dll+0x66a2a2]
V  [jvm.dll+0x303686]
V  [jvm.dll+0x30ac06]
V  [jvm.dll+0x35a48e]
V  [jvm.dll+0x35a6bf]
V  [jvm.dll+0x2da678]
V  [jvm.dll+0x2db5e4]
V  [jvm.dll+0x7ab6b1]
V  [jvm.dll+0x368041]
V  [jvm.dll+0x78a749]
V  [jvm.dll+0x3ebd4f]
V  [jvm.dll+0x3ed7d1]
C  [jli.dll+0x5297]
C  [ucrtbase.dll+0x29333]
C  [KERNEL32.DLL+0x1257d]
C  [ntdll.dll+0x5aa48]


---------------  P R O C E S S  ---------------

Threads class SMR info:
_java_thread_list=0x00007fffb07c89d8, length=0, elements={
}

Java Threads: ( => current thread )

Other Threads:
  0x000001dda765c690 GCTaskThread "GC Thread#0" [stack: 0x000000079d700000,0x000000079d800000] [id=11992]
  0x000001dda766d260 ConcurrentGCThread "G1 Main Marker" [stack: 0x000000079d800000,0x000000079d900000] [id=19868]
  0x000001dda766db70 ConcurrentGCThread "G1 Conc#0" [stack: 0x000000079d900000,0x000000079da00000] [id=39224]

[error occurred during error reporting (printing all threads), id 0xc0000005, EXCEPTION_ACCESS_VIOLATION (0xc0000005) at pc=0x00007fffafffb2d7]

VM state: not at safepoint (not fully initialized)

VM Mutex/Monitor currently owned by a thread:  ([mutex/lock_event])
[0x000001dda75a9530] Heap_lock - owner thread: 0x000001dda75ada30

Heap address: 0x000000042e000000, size: 8112 MB, Compressed Oops mode: Zero based, Oop shift amount: 3

CDS archive(s) mapped at: [0x0000000000000000-0x0000000000000000-0x0000000000000000), size 0, SharedBaseAddress: 0x0000000800000000, ArchiveRelocationMode: 1.
Narrow klass base: 0x0000000000000000, Narrow klass shift: 0, Narrow klass range: 0x0

GC Precious Log:
<Empty>

Heap:
 garbage-first heap   total 0K, used 0K [0x000000042e000000, 0x0000000629000000)
  region size 4096K, 0 young (0K), 0 survivors (0K)

[error occurred during error reporting (printing heap information), id 0xc0000005, EXCEPTION_ACCESS_VIOLATION (0xc0000005) at pc=0x00007fffb03e2229]

GC Heap History (0 events):
No events

Deoptimization events (0 events):
No events

Classes unloaded (0 events):
No events

Classes redefined (0 events):
No events

Internal exceptions (0 events):
No events

VM Operations (0 events):
No events

Events (1 events):
Event: 0.007 Loaded shared library C:\Program Files\Java\jdk-17\bin\java.dll


Dynamic libraries:
0x00007ff7b6900000 - 0x00007ff7b6910000 	C:\Program Files\Java\jdk-17\bin\javaw.exe
0x00007ff807db0000 - 0x00007ff807fc7000 	C:\Windows\SYSTEM32\ntdll.dll
0x00007ff806c20000 - 0x00007ff806ce4000 	C:\Windows\System32\KERNEL32.DLL
0x00007ff805310000 - 0x00007ff8056b7000 	C:\Windows\System32\KERNELBASE.dll
0x00007ff8056f0000 - 0x00007ff805801000 	C:\Windows\System32\ucrtbase.dll
0x00007fffeb820000 - 0x00007fffeb839000 	C:\Program Files\Java\jdk-17\bin\jli.dll
0x00007ffff16c0000 - 0x00007ffff16db000 	C:\Program Files\Java\jdk-17\bin\VCRUNTIME140.dll
0x00007ff806cf0000 - 0x00007ff806da2000 	C:\Windows\System32\ADVAPI32.dll
0x00007ff807250000 - 0x00007ff8072f7000 	C:\Windows\System32\msvcrt.dll
0x00007ff806790000 - 0x00007ff806838000 	C:\Windows\System32\sechost.dll
0x00007ff8056c0000 - 0x00007ff8056e8000 	C:\Windows\System32\bcrypt.dll
0x00007ff806ae0000 - 0x00007ff806bf5000 	C:\Windows\System32\RPCRT4.dll
0x00007ff8064e0000 - 0x00007ff80668e000 	C:\Windows\System32\USER32.dll
0x00007ff805810000 - 0x00007ff805836000 	C:\Windows\System32\win32u.dll
0x00007ff8068c0000 - 0x00007ff8068e9000 	C:\Windows\System32\GDI32.dll
0x00007ff8050d0000 - 0x00007ff8051e9000 	C:\Windows\System32\gdi32full.dll
0x00007ffffbe60000 - 0x00007ffffc0f3000 	C:\Windows\WinSxS\amd64_microsoft.windows.common-controls_6595b64144ccf1df_6.0.22621.3527_none_270e469b73872a76\COMCTL32.dll
0x00007ff8051f0000 - 0x00007ff80528a000 	C:\Windows\System32\msvcp_win.dll
0x00007ffffd290000 - 0x00007ffffd29a000 	C:\Windows\SYSTEM32\VERSION.dll
0x00007ff807c70000 - 0x00007ff807ca1000 	C:\Windows\System32\IMM32.DLL
0x00007ffffcd70000 - 0x00007ffffcd7c000 	C:\Program Files\Java\jdk-17\bin\vcruntime140_1.dll
0x00007fffd5f90000 - 0x00007fffd601e000 	C:\Program Files\Java\jdk-17\bin\msvcp140.dll
0x00007fffafd10000 - 0x00007fffb08f1000 	C:\Program Files\Java\jdk-17\bin\server\jvm.dll
0x00007ff806c00000 - 0x00007ff806c08000 	C:\Windows\System32\PSAPI.DLL
0x00007fffb9720000 - 0x00007fffb9729000 	C:\Windows\SYSTEM32\WSOCK32.dll
0x00007ff806840000 - 0x00007ff8068b1000 	C:\Windows\System32\WS2_32.dll
0x00007fffea610000 - 0x00007fffea644000 	C:\Windows\SYSTEM32\WINMM.dll
0x00007ff8040b0000 - 0x00007ff8040c8000 	C:\Windows\SYSTEM32\kernel.appcore.dll
0x00007ffff7320000 - 0x00007ffff732a000 	C:\Program Files\Java\jdk-17\bin\jimage.dll
0x00007ffffdfd0000 - 0x00007ffffe202000 	C:\Windows\SYSTEM32\DBGHELP.DLL
0x00007ff8078e0000 - 0x00007ff807c68000 	C:\Windows\System32\combase.dll
0x00007ff805b40000 - 0x00007ff805c17000 	C:\Windows\System32\OLEAUT32.dll
0x00007ffffdf60000 - 0x00007ffffdf92000 	C:\Windows\SYSTEM32\dbgcore.DLL
0x00007ff805290000 - 0x00007ff805309000 	C:\Windows\System32\bcryptPrimitives.dll
0x00007ffff7100000 - 0x00007ffff7125000 	C:\Program Files\Java\jdk-17\bin\java.dll

dbghelp: loaded successfully - version: 4.0.5 - missing functions: none
symbol engine: initialized successfully - sym options: 0x614 - pdb path: .;C:\Program Files\Java\jdk-17\bin;C:\Windows\SYSTEM32;C:\Windows\WinSxS\amd64_microsoft.windows.common-controls_6595b64144ccf1df_6.0.22621.3527_none_270e469b73872a76;C:\Program Files\Java\jdk-17\bin\server

VM Arguments:
jvm_args: -Dfile.encoding=UTF-8 -Dstdout.encoding=UTF-8 -Dstderr.encoding=UTF-8 --module-path=D:\Programas\eclipse workspace\JavaAspire\CursoJava\bin -XX:+ShowCodeDetailsInExceptionMessages -Djdk.module.main=CursoJava 
java_command: CursoJava/carRental.Main
java_class_path (initial): <not set>
Launcher Type: SUN_STANDARD

[Global flags]
     intx CICompilerCount                          = 12                                        {product} {ergonomic}
     uint ConcGCThreads                            = 3                                         {product} {ergonomic}
     uint G1ConcRefinementThreads                  = 13                                        {product} {ergonomic}
   size_t G1HeapRegionSize                         = 4194304                                   {product} {ergonomic}
    uintx GCDrainStackTargetSize                   = 64                                        {product} {ergonomic}
   size_t InitialHeapSize                          = 532676608                                 {product} {ergonomic}
   size_t MarkStackSize                            = 4194304                                   {product} {ergonomic}
   size_t MaxHeapSize                              = 8506048512                                {product} {ergonomic}
   size_t MinHeapDeltaBytes                        = 4194304                                   {product} {ergonomic}
   size_t MinHeapSize                              = 8388608                                   {product} {ergonomic}
    uintx NonNMethodCodeHeapSize                   = 7602480                                {pd product} {ergonomic}
    uintx NonProfiledCodeHeapSize                  = 122027880                              {pd product} {ergonomic}
    uintx ProfiledCodeHeapSize                     = 122027880                              {pd product} {ergonomic}
    uintx ReservedCodeCacheSize                    = 251658240                              {pd product} {ergonomic}
     bool SegmentedCodeCache                       = true                                      {product} {ergonomic}
     bool ShowCodeDetailsInExceptionMessages       = true                                   {manageable} {command line}
   size_t SoftMaxHeapSize                          = 8506048512                             {manageable} {ergonomic}
     bool UseCompressedClassPointers               = true                           {product lp64_product} {ergonomic}
     bool UseCompressedOops                        = true                           {product lp64_product} {ergonomic}
     bool UseG1GC                                  = true                                      {product} {ergonomic}
     bool UseLargePagesIndividualAllocation        = false                                  {pd product} {ergonomic}

Logging:
Log output configuration:
 #0: stdout all=warning uptime,level,tags
 #1: stderr all=off uptime,level,tags

Environment Variables:
PATH=C:\Program Files\Common Files\Oracle\Java\javapath;C:\Program Files\Securden\Securden_Agent\path\;C:\Windows\system32;C:\Windows;C:\Windows\System32\Wbem;C:\Windows\System32\WindowsPowerShell\v1.0\;C:\Windows\System32\OpenSSH\;C:\Program Files\TortoiseSVN\bin;C:\Users\miguel.macias\AppData\Local\Microsoft\WindowsApps;C:\Users\miguel.macias\AppData\Local\gitkraken\bin
USERNAME=miguel.macias
OS=Windows_NT
PROCESSOR_IDENTIFIER=Intel64 Family 6 Model 186 Stepping 2, GenuineIntel



---------------  S Y S T E M  ---------------

OS:
 Windows 11 , 64 bit Build 22621 (10.0.22621.3527)
OS uptime: 9 days 5:45 hours
Hyper-V role detected

CPU: total 16 (initial active 16) (8 cores per cpu, 2 threads per core) family 6 model 186 stepping 2 microcode 0x411c, cx8, cmov, fxsr, ht, mmx, 3dnowpref, sse, sse2, sse3, ssse3, sse4.1, sse4.2, popcnt, lzcnt, tsc, tscinvbit, avx, avx2, aes, erms, clmul, bmi1, bmi2, adx, sha, fma, vzeroupper, clflush, clflushopt, clwb, hv

Memory: 4k page, system-wide physical 32440M (15081M free)
TotalPageFile size 63204M (AvailPageFile size 262M)
current process WorkingSet (physical memory assigned to process): 27M, peak: 27M
current process commit charge ("private bytes"): 71M, peak: 579M

vm_info: Java HotSpot(TM) 64-Bit Server VM (17.0.9+11-LTS-201) for windows-amd64 JRE (17.0.9+11-LTS-201), built on Oct 10 2023 23:16:06 by "mach5one" with MS VC++ 17.1 (VS2022)

END.
